2022-06-19 20:10:34:1034 - [32minfo[39m: [32mConectou ao banco de dados[39m
2022-06-19 20:10:34:1034 - [32minfo[39m: [32mAplicação está funcionando na porta: 3000[39m
2022-06-19 20:11:41:1141 - [32minfo[39m: [32mConectou ao banco de dados[39m
2022-06-19 20:11:41:1141 - [32minfo[39m: [32mAplicação está funcionando na porta: 3000[39m
2022-06-19 20:21:24:2124 - [32minfo[39m: [32mConectou ao banco de dados[39m
2022-06-19 20:21:24:2124 - [32minfo[39m: [32mAplicação está funcionando na porta: 3000[39m
2022-06-19 20:21:50:2150 - [32minfo[39m: [32mConectou ao banco de dados[39m
2022-06-19 20:21:50:2150 - [32minfo[39m: [32mAplicação está funcionando na porta: 3000[39m
2022-06-19 20:21:55:2155 - [35mhttp[39m: [35mGET /api/test 200 11 - 1.869 ms[39m
[35m[39m
2022-06-20 19:56:40:5640 - [32minfo[39m: [32mConectou ao banco de dados[39m
2022-06-20 19:56:40:5640 - [32minfo[39m: [32mAplicação está funcionando na porta: 3000[39m
2022-06-20 20:08:15:815 - [32minfo[39m: [32mConectou ao banco de dados[39m
2022-06-20 20:08:15:815 - [32minfo[39m: [32mAplicação está funcionando na porta: 3000[39m
2022-06-20 20:09:22:922 - [35mhttp[39m: [35mPOST /api/movie 200 2 - 1.923 ms[39m
[35m[39m
2022-06-20 20:44:56:4456 - [32minfo[39m: [32mConectou ao banco de dados[39m
2022-06-20 20:44:56:4456 - [32minfo[39m: [32mAplicação está funcionando na porta: 3000[39m
2022-06-20 20:45:47:4547 - [32minfo[39m: [32mConectou ao banco de dados[39m
2022-06-20 20:45:47:4547 - [32minfo[39m: [32mAplicação está funcionando na porta: 3000[39m
2022-06-20 20:46:23:4623 - [35mhttp[39m: [35mPOST /api/movie 201 155 - 30.842 ms[39m
[35m[39m
2022-06-20 20:55:36:5536 - [32minfo[39m: [32mConectou ao banco de dados[39m
2022-06-20 20:55:36:5536 - [32minfo[39m: [32mAplicação está funcionando na porta: 3000[39m
2022-06-20 20:55:50:5550 - [32minfo[39m: [32mConectou ao banco de dados[39m
2022-06-20 20:55:50:5550 - [32minfo[39m: [32mAplicação está funcionando na porta: 3000[39m
2022-06-20 21:01:14:114 - [32minfo[39m: [32mConectou ao banco de dados[39m
2022-06-20 21:01:14:114 - [32minfo[39m: [32mAplicação está funcionando na porta: 3000[39m
2022-06-20 21:01:31:131 - [35mhttp[39m: [35mPOST /api/movie 422 49 - 4.333 ms[39m
[35m[39m
2022-06-20 21:03:01:31 - [35mhttp[39m: [35mPOST /api/movie 201 145 - 32.513 ms[39m
[35m[39m
2022-06-20 21:03:07:37 - [32minfo[39m: [32mConectou ao banco de dados[39m
2022-06-20 21:03:07:37 - [32minfo[39m: [32mAplicação está funcionando na porta: 3000[39m
2022-06-20 21:03:12:312 - [35mhttp[39m: [35mPOST /api/movie 422 69 - 4.521 ms[39m
[35m[39m
2022-06-20 21:06:38:638 - [32minfo[39m: [32mConectou ao banco de dados[39m
2022-06-20 21:06:38:638 - [32minfo[39m: [32mAplicação está funcionando na porta: 3000[39m
2022-06-20 21:07:13:713 - [35mhttp[39m: [35mPOST /api/movie 422 57 - 5.037 ms[39m
[35m[39m
2022-06-20 21:08:08:88 - [32minfo[39m: [32mConectou ao banco de dados[39m
2022-06-20 21:08:08:88 - [32minfo[39m: [32mAplicação está funcionando na porta: 3000[39m
2022-06-20 21:08:27:827 - [35mhttp[39m: [35mPOST /api/movie 422 60 - 5.747 ms[39m
[35m[39m
2022-06-20 21:09:33:933 - [32minfo[39m: [32mConectou ao banco de dados[39m
2022-06-20 21:09:33:933 - [32minfo[39m: [32mAplicação está funcionando na porta: 3000[39m
2022-06-20 21:10:34:1034 - [32minfo[39m: [32mConectou ao banco de dados[39m
2022-06-20 21:10:34:1034 - [32minfo[39m: [32mAplicação está funcionando na porta: 3000[39m
2022-06-21 18:38:16:3816 - [32minfo[39m: [32mConectou ao banco de dados[39m
2022-06-21 18:38:16:3816 - [32minfo[39m: [32mAplicação está funcionando na porta: 3000[39m
2022-06-21 18:39:54:3954 - [32minfo[39m: [32mConectou ao banco de dados[39m
2022-06-21 18:39:54:3954 - [32minfo[39m: [32mAplicação está funcionando na porta: 3000[39m
2022-06-21 18:41:58:4158 - [32minfo[39m: [32mConectou ao banco de dados[39m
2022-06-21 18:41:58:4158 - [32minfo[39m: [32mAplicação está funcionando na porta: 3000[39m
2022-06-21 18:43:17:4317 - [32minfo[39m: [32mConectou ao banco de dados[39m
2022-06-21 18:43:17:4317 - [32minfo[39m: [32mAplicação está funcionando na porta: 3000[39m
2022-06-21 18:43:25:4325 - [32minfo[39m: [32mConectou ao banco de dados[39m
2022-06-21 18:43:25:4325 - [32minfo[39m: [32mAplicação está funcionando na porta: 3000[39m
2022-06-21 18:44:12:4412 - [31merror[39m: [31mErro no sistema: Cast to ObjectId failed for value "345345" (type string) at path "_id" for model "Movie"[39m
2022-06-21 18:44:23:4423 - [35mhttp[39m: [35mGET /api/movie/345345 - - - - ms[39m
[35m[39m
2022-06-21 18:44:25:4425 - [31merror[39m: [31mErro no sistema: Cast to ObjectId failed for value "345345" (type string) at path "_id" for model "Movie"[39m
2022-06-21 18:44:42:4442 - [35mhttp[39m: [35mGET /api/movie/345345 - - - - ms[39m
[35m[39m
2022-06-21 18:45:28:4528 - [32minfo[39m: [32mConectou ao banco de dados[39m
2022-06-21 18:45:28:4528 - [32minfo[39m: [32mAplicação está funcionando na porta: 3000[39m
2022-06-21 18:46:34:4634 - [35mhttp[39m: [35mGET /api/movie/62b106cf250e2c73fecf1310 200 155 - 25.384 ms[39m
[35m[39m
2022-06-21 18:49:58:4958 - [32minfo[39m: [32mConectou ao banco de dados[39m
2022-06-21 18:49:58:4958 - [32minfo[39m: [32mAplicação está funcionando na porta: 3000[39m
2022-06-21 18:50:30:5030 - [32minfo[39m: [32mConectou ao banco de dados[39m
2022-06-21 18:50:30:5030 - [32minfo[39m: [32mAplicação está funcionando na porta: 3000[39m
2022-06-21 18:50:39:5039 - [35mhttp[39m: [35mGET /api/movie 200 157 - 27.914 ms[39m
[35m[39m
2022-06-21 18:53:54:5354 - [32minfo[39m: [32mConectou ao banco de dados[39m
2022-06-21 18:53:54:5354 - [32minfo[39m: [32mAplicação está funcionando na porta: 3000[39m
2022-06-21 18:56:17:5617 - [32minfo[39m: [32mConectou ao banco de dados[39m
2022-06-21 18:56:17:5617 - [32minfo[39m: [32mAplicação está funcionando na porta: 3000[39m
2022-06-21 18:56:58:5658 - [32minfo[39m: [32mConectou ao banco de dados[39m
2022-06-21 18:56:58:5658 - [32minfo[39m: [32mAplicação está funcionando na porta: 3000[39m
2022-06-21 18:57:41:5741 - [35mhttp[39m: [35mDELETE /api/movie/62b106cf250e2c73fecf1310 404 176 - 1.621 ms[39m
[35m[39m
2022-06-21 18:58:06:586 - [35mhttp[39m: [35mDELETE /api/movie/62b106cf250e2c73fecf131 404 175 - 0.479 ms[39m
[35m[39m
2022-06-21 18:58:40:5840 - [35mhttp[39m: [35mDELETE /api/movie/62b106cf250e2c73fecf1 404 173 - 0.206 ms[39m
[35m[39m
2022-06-21 18:59:55:5955 - [32minfo[39m: [32mConectou ao banco de dados[39m
2022-06-21 18:59:55:5955 - [32minfo[39m: [32mAplicação está funcionando na porta: 3000[39m
2022-06-21 19:00:09:09 - [35mhttp[39m: [35mDELETE /api/movie/62b106cf250e2c73fecf1310 404 176 - 2.160 ms[39m
[35m[39m
2022-06-21 19:00:41:041 - [35mhttp[39m: [35mDELETE /api/movie/62b106cf250e2c73fecf1310 404 176 - 0.474 ms[39m
[35m[39m
2022-06-21 19:02:29:229 - [32minfo[39m: [32mConectou ao banco de dados[39m
2022-06-21 19:02:29:229 - [32minfo[39m: [32mAplicação está funcionando na porta: 3000[39m
2022-06-21 19:02:36:236 - [31merror[39m: [31mErro no sistema: Cast to ObjectId failed for value "62b106cf250e2c73fecf131" (type string) at path "_id" for model "Movie"[39m
2022-06-21 19:02:36:236 - [35mhttp[39m: [35mDELETE /api/movie/62b106cf250e2c73fecf131 500 38 - 7.220 ms[39m
[35m[39m
2022-06-21 19:02:41:241 - [35mhttp[39m: [35mDELETE /api/movie/62b106cf250e2c73fecf1310 200 36 - 45.224 ms[39m
[35m[39m
2022-06-21 19:07:27:727 - [32minfo[39m: [32mConectou ao banco de dados[39m
2022-06-21 19:07:27:727 - [32minfo[39m: [32mAplicação está funcionando na porta: 3000[39m
2022-06-21 19:08:32:832 - [32minfo[39m: [32mConectou ao banco de dados[39m
2022-06-21 19:08:32:832 - [32minfo[39m: [32mAplicação está funcionando na porta: 3000[39m
2022-06-21 19:10:01:101 - [32minfo[39m: [32mConectou ao banco de dados[39m
2022-06-21 19:10:01:101 - [32minfo[39m: [32mAplicação está funcionando na porta: 3000[39m
